<?xml version="1.0" encoding="UTF-8"?>
<testsuite name="com.study.springboot.domain.posts.PostsRepositoryTest" tests="2" skipped="0" failures="0" errors="0" timestamp="2023-11-02T07:01:44" hostname="DESKTOP-SJKK9SC" time="0.17">
  <properties/>
  <testcase name="게시글저장_불러오기" classname="com.study.springboot.domain.posts.PostsRepositoryTest" time="0.162"/>
  <testcase name="BaseTimeEntity_등록" classname="com.study.springboot.domain.posts.PostsRepositoryTest" time="0.007"/>
  <system-out><![CDATA[2023-11-02 16:01:40.214  INFO 15000 --- [    Test worker] .b.t.c.SpringBootTestContextBootstrapper : Neither @ContextConfiguration nor @ContextHierarchy found for test class [com.study.springboot.domain.posts.PostsRepositoryTest], using SpringBootContextLoader
2023-11-02 16:01:40.215  INFO 15000 --- [    Test worker] o.s.t.c.support.AbstractContextLoader    : Could not detect default resource locations for test class [com.study.springboot.domain.posts.PostsRepositoryTest]: no resource found for suffixes {-context.xml, Context.groovy}.
2023-11-02 16:01:40.215  INFO 15000 --- [    Test worker] t.c.s.AnnotationConfigContextLoaderUtils : Could not detect default configuration classes for test class [com.study.springboot.domain.posts.PostsRepositoryTest]: PostsRepositoryTest does not declare any static, non-private, non-final, nested classes annotated with @Configuration.
2023-11-02 16:01:40.225  INFO 15000 --- [    Test worker] .b.t.c.SpringBootTestContextBootstrapper : Found @SpringBootConfiguration com.study.springboot.Application for test class com.study.springboot.domain.posts.PostsRepositoryTest
2023-11-02 16:01:40.227  INFO 15000 --- [    Test worker] .b.t.c.SpringBootTestContextBootstrapper : Loaded default TestExecutionListener class names from location [META-INF/spring.factories]: [org.springframework.security.test.context.support.WithSecurityContextTestExecutionListener, org.springframework.security.test.context.support.ReactorContextTestExecutionListener, org.springframework.boot.test.autoconfigure.restdocs.RestDocsTestExecutionListener, org.springframework.boot.test.autoconfigure.web.client.MockRestServiceServerResetTestExecutionListener, org.springframework.boot.test.autoconfigure.web.servlet.MockMvcPrintOnlyOnFailureTestExecutionListener, org.springframework.boot.test.autoconfigure.web.servlet.WebDriverTestExecutionListener, org.springframework.boot.test.mock.mockito.MockitoTestExecutionListener, org.springframework.boot.test.mock.mockito.ResetMocksTestExecutionListener, org.springframework.test.context.web.ServletTestExecutionListener, org.springframework.test.context.support.DirtiesContextBeforeModesTestExecutionListener, org.springframework.test.context.support.DependencyInjectionTestExecutionListener, org.springframework.test.context.support.DirtiesContextTestExecutionListener, org.springframework.test.context.transaction.TransactionalTestExecutionListener, org.springframework.test.context.jdbc.SqlScriptsTestExecutionListener]
2023-11-02 16:01:40.228  INFO 15000 --- [    Test worker] .b.t.c.SpringBootTestContextBootstrapper : Using TestExecutionListeners: [org.springframework.test.context.web.ServletTestExecutionListener@a01cfe, org.springframework.test.context.support.DirtiesContextBeforeModesTestExecutionListener@151a34d3, org.springframework.boot.test.mock.mockito.MockitoTestExecutionListener@61b1dfba, org.springframework.boot.test.autoconfigure.SpringBootDependencyInjectionTestExecutionListener@3acc3c80, org.springframework.test.context.support.DirtiesContextTestExecutionListener@3a0b90cb, org.springframework.test.context.transaction.TransactionalTestExecutionListener@7e7397f5, org.springframework.test.context.jdbc.SqlScriptsTestExecutionListener@11d0db8e, org.springframework.security.test.context.support.WithSecurityContextTestExecutionListener@4aa3dd08, org.springframework.security.test.context.support.ReactorContextTestExecutionListener@2cc8815f, org.springframework.boot.test.autoconfigure.restdocs.RestDocsTestExecutionListener@4ee6770c, org.springframework.boot.test.autoconfigure.web.client.MockRestServiceServerResetTestExecutionListener@59fdc9f5, org.springframework.boot.test.autoconfigure.web.servlet.MockMvcPrintOnlyOnFailureTestExecutionListener@d62045f, org.springframework.boot.test.autoconfigure.web.servlet.WebDriverTestExecutionListener@65c8bed5, org.springframework.boot.test.mock.mockito.ResetMocksTestExecutionListener@186bfb77]

  .   ____          _            __ _ _
 /\\ / ___'_ __ _ _(_)_ __  __ _ \ \ \ \
( ( )\___ | '_ | '_| | '_ \/ _` | \ \ \ \
 \\/  ___)| |_)| | | | | || (_| |  ) ) ) )
  '  |____| .__|_| |_|_| |_\__, | / / / /
 =========|_|==============|___/=/_/_/_/
 :: Spring Boot ::        (v2.1.7.RELEASE)

2023-11-02 16:01:40.252  INFO 15000 --- [    Test worker] c.s.s.domain.posts.PostsRepositoryTest   : Starting PostsRepositoryTest on DESKTOP-SJKK9SC with PID 15000 (started by gao83 in C:\dev\study\study-springboot2-webservice)
2023-11-02 16:01:40.252  INFO 15000 --- [    Test worker] c.s.s.domain.posts.PostsRepositoryTest   : No active profile set, falling back to default profiles: default
2023-11-02 16:01:40.649  INFO 15000 --- [    Test worker] .s.d.r.c.RepositoryConfigurationDelegate : Bootstrapping Spring Data repositories in DEFAULT mode.
2023-11-02 16:01:40.717  INFO 15000 --- [    Test worker] .s.d.r.c.RepositoryConfigurationDelegate : Finished Spring Data repository scanning in 60ms. Found 2 repository interfaces.
2023-11-02 16:01:40.945  INFO 15000 --- [    Test worker] trationDelegate$BeanPostProcessorChecker : Bean 'org.springframework.transaction.annotation.ProxyTransactionManagementConfiguration' of type [org.springframework.transaction.annotation.ProxyTransactionManagementConfiguration$$EnhancerBySpringCGLIB$$1266ab72] is not eligible for getting processed by all BeanPostProcessors (for example: not eligible for auto-proxying)
2023-11-02 16:01:41.115  INFO 15000 --- [    Test worker] com.zaxxer.hikari.HikariDataSource       : HikariPool-1 - Starting...
2023-11-02 16:01:41.294  INFO 15000 --- [    Test worker] com.zaxxer.hikari.HikariDataSource       : HikariPool-1 - Start completed.
2023-11-02 16:01:41.389  INFO 15000 --- [    Test worker] o.hibernate.jpa.internal.util.LogHelper  : HHH000204: Processing PersistenceUnitInfo [
	name: default
	...]
2023-11-02 16:01:41.472  INFO 15000 --- [    Test worker] org.hibernate.Version                    : HHH000412: Hibernate Core {5.3.10.Final}
2023-11-02 16:01:41.475  INFO 15000 --- [    Test worker] org.hibernate.cfg.Environment            : HHH000206: hibernate.properties not found
2023-11-02 16:01:41.539  INFO 15000 --- [    Test worker] o.hibernate.annotations.common.Version   : HCANN000001: Hibernate Commons Annotations {5.0.4.Final}
2023-11-02 16:01:41.709  INFO 15000 --- [    Test worker] org.hibernate.dialect.Dialect            : HHH000400: Using dialect: org.hibernate.dialect.MySQL5InnoDBDialect
Hibernate: drop table if exists posts
Hibernate: drop table if exists user
Hibernate: create table posts (id bigint not null auto_increment, created_date datetime, modified_date datetime, author varchar(255), content TEXT not null, title varchar(500) not null, primary key (id)) engine=InnoDB
Hibernate: create table user (id bigint not null auto_increment, created_date datetime, modified_date datetime, email varchar(255) not null, name varchar(255) not null, picture varchar(255), role varchar(255) not null, primary key (id)) engine=InnoDB
2023-11-02 16:01:42.318  INFO 15000 --- [    Test worker] o.h.t.schema.internal.SchemaCreatorImpl  : HHH000476: Executing import script 'org.hibernate.tool.schema.internal.exec.ScriptSourceInputNonExistentImpl@7481f89e'
2023-11-02 16:01:42.321  INFO 15000 --- [    Test worker] j.LocalContainerEntityManagerFactoryBean : Initialized JPA EntityManagerFactory for persistence unit 'default'
2023-11-02 16:01:42.915  INFO 15000 --- [    Test worker] o.h.h.i.QueryTranslatorFactoryInitiator  : HHH000397: Using ASTQueryTranslatorFactory
2023-11-02 16:01:43.251  INFO 15000 --- [    Test worker] o.s.s.web.DefaultSecurityFilterChain     : Creating filter chain: any request, [org.springframework.security.web.context.request.async.WebAsyncManagerIntegrationFilter@65964a33, org.springframework.security.web.context.SecurityContextPersistenceFilter@7f9e5f93, org.springframework.security.web.header.HeaderWriterFilter@1008f3af, org.springframework.security.web.authentication.logout.LogoutFilter@21a525b2, org.springframework.security.oauth2.client.web.OAuth2AuthorizationRequestRedirectFilter@2e383b97, org.springframework.security.oauth2.client.web.OAuth2LoginAuthenticationFilter@33937fc0, org.springframework.security.web.authentication.ui.DefaultLoginPageGeneratingFilter@2cca857f, org.springframework.security.web.authentication.ui.DefaultLogoutPageGeneratingFilter@745da7b, org.springframework.security.web.savedrequest.RequestCacheAwareFilter@442b7500, org.springframework.security.web.servletapi.SecurityContextHolderAwareRequestFilter@136973a1, org.springframework.security.web.authentication.AnonymousAuthenticationFilter@11414bff, org.springframework.security.web.session.SessionManagementFilter@6a1ab0db, org.springframework.security.web.access.ExceptionTranslationFilter@389063db, org.springframework.security.web.access.intercept.FilterSecurityInterceptor@3e24cc53]
2023-11-02 16:01:43.594  INFO 15000 --- [    Test worker] o.s.s.concurrent.ThreadPoolTaskExecutor  : Initializing ExecutorService 'applicationTaskExecutor'
2023-11-02 16:01:43.609  WARN 15000 --- [    Test worker] aWebConfiguration$JpaWebMvcConfiguration : spring.jpa.open-in-view is enabled by default. Therefore, database queries may be performed during view rendering. Explicitly configure spring.jpa.open-in-view to disable this warning
2023-11-02 16:01:43.641  INFO 15000 --- [    Test worker] o.s.b.a.w.s.WelcomePageHandlerMapping    : Adding welcome page template: index
2023-11-02 16:01:44.067  INFO 15000 --- [    Test worker] s.a.ScheduledAnnotationBeanPostProcessor : No TaskScheduler/ScheduledExecutorService bean found for scheduled processing
2023-11-02 16:01:44.074  INFO 15000 --- [    Test worker] c.s.s.domain.posts.PostsRepositoryTest   : Started PostsRepositoryTest in 3.845 seconds (JVM running for 7.783)
Hibernate: insert into posts (created_date, modified_date, author, content, title) values (?, ?, ?, ?, ?)
Hibernate: select posts0_.id as id1_0_, posts0_.created_date as created_2_0_, posts0_.modified_date as modified3_0_, posts0_.author as author4_0_, posts0_.content as content5_0_, posts0_.title as title6_0_ from posts posts0_
Hibernate: select posts0_.id as id1_0_, posts0_.created_date as created_2_0_, posts0_.modified_date as modified3_0_, posts0_.author as author4_0_, posts0_.content as content5_0_, posts0_.title as title6_0_ from posts posts0_
Hibernate: delete from posts where id=?
Hibernate: insert into posts (created_date, modified_date, author, content, title) values (?, ?, ?, ?, ?)
Hibernate: select posts0_.id as id1_0_, posts0_.created_date as created_2_0_, posts0_.modified_date as modified3_0_, posts0_.author as author4_0_, posts0_.content as content5_0_, posts0_.title as title6_0_ from posts posts0_
>>>>>>>>>>>>>>>>>>> createDate=2023-11-02T16:01:44.243007, modifiedDate=2023-11-02T16:01:44.243007
Hibernate: select posts0_.id as id1_0_, posts0_.created_date as created_2_0_, posts0_.modified_date as modified3_0_, posts0_.author as author4_0_, posts0_.content as content5_0_, posts0_.title as title6_0_ from posts posts0_
Hibernate: delete from posts where id=?
]]></system-out>
  <system-err><![CDATA[]]></system-err>
</testsuite>
